<?xml version="1.0" encoding="UTF-8"?>
<!-- Generated by org.testng.reporters.JUnitXMLReporter -->
<testsuite hostname="LAPTOP-PLBTIQVB" ignored="0" name="Default test" tests="3" failures="3" timestamp="22 Jan 2021 05:43:56 GMT" time="12.466" errors="0">
  <testcase name="FacebookRegisterTest1" time="5.931" classname="com.facebook.tests.FacebookRegister">
    <failure type="org.openqa.selenium.SessionNotCreatedException" message="session not created: This version of ChromeDriver only supports Chrome version 88
Current browser version is 87.0.4280.141 with binary path C:\Program Files\Google\Chrome\Application\chrome.exe
Build info: version: &amp;apos;3.141.59&amp;apos;, revision: &amp;apos;e82be7d358&amp;apos;, time: &amp;apos;2018-11-14T08:17:03&amp;apos;
System info: host: &amp;apos;LAPTOP-PLBTIQVB&amp;apos;, ip: &amp;apos;172.20.10.3&amp;apos;, os.name: &amp;apos;Windows 10&amp;apos;, os.arch: &amp;apos;amd64&amp;apos;, os.version: &amp;apos;10.0&amp;apos;, java.version: &amp;apos;1.8.0_201&amp;apos;
Driver info: driver.version: ChromeDriver
remote stacktrace: Backtrace:
	GetHandleVerifier [0x0091B963+483]
	GetHandleVerifier [0x0091B941+449]
	GetHandleVerifier [0x00CC3308+3832712]
	GetHandleVerifier [0x00CDD69A+3940122]
	GetHandleVerifier [0x00CD9AFB+3924859]
	GetHandleVerifier [0x00CD7D9C+3917340]
	GetHandleVerifier [0x00CFE7FE+4075646]
	GetHandleVerifier [0x00CFE56C+4074988]
	GetHandleVerifier [0x00CFB2EB+4062059]
	GetHandleVerifier [0x00CDED14+3945876]
	GetHandleVerifier [0x00CDFBCE+3949646]
	GetHandleVerifier [0x00CDFB59+3949529]
	Ordinal0 [0x008DB5CC+46540]
	Ordinal0 [0x008D9F53+40787]
	Ordinal0 [0x008D9B12+39698]
	GetHandleVerifier [0x00BE1468+2907368]
	GetHandleVerifier [0x00A271EE+1096302]
	GetHandleVerifier [0x009E3E8D+821005]
	GetHandleVerifier [0x009E396B+819691]
	GetHandleVerifier [0x009E3881+819457]
	GetHandleVerifier [0x00A0F463+998627]
	BaseThreadInitThunk [0x77906359+25]
	RtlGetAppContainerNamedObjectPath [0x77D48944+228]
	RtlGetAppContainerNamedObjectPath [0x77D48914+180]
">
      <![CDATA[org.openqa.selenium.SessionNotCreatedException: session not created: This version of ChromeDriver only supports Chrome version 88
Current browser version is 87.0.4280.141 with binary path C:\Program Files\Google\Chrome\Application\chrome.exe
Build info: version: '3.141.59', revision: 'e82be7d358', time: '2018-11-14T08:17:03'
System info: host: 'LAPTOP-PLBTIQVB', ip: '172.20.10.3', os.name: 'Windows 10', os.arch: 'amd64', os.version: '10.0', java.version: '1.8.0_201'
Driver info: driver.version: ChromeDriver
remote stacktrace: Backtrace:
GetHandleVerifier [0x0091B963+483]
GetHandleVerifier [0x0091B941+449]
GetHandleVerifier [0x00CC3308+3832712]
GetHandleVerifier [0x00CDD69A+3940122]
GetHandleVerifier [0x00CD9AFB+3924859]
GetHandleVerifier [0x00CD7D9C+3917340]
GetHandleVerifier [0x00CFE7FE+4075646]
GetHandleVerifier [0x00CFE56C+4074988]
GetHandleVerifier [0x00CFB2EB+4062059]
GetHandleVerifier [0x00CDED14+3945876]
GetHandleVerifier [0x00CDFBCE+3949646]
GetHandleVerifier [0x00CDFB59+3949529]
Ordinal0 [0x008DB5CC+46540]
Ordinal0 [0x008D9F53+40787]
Ordinal0 [0x008D9B12+39698]
GetHandleVerifier [0x00BE1468+2907368]
GetHandleVerifier [0x00A271EE+1096302]
GetHandleVerifier [0x009E3E8D+821005]
GetHandleVerifier [0x009E396B+819691]
GetHandleVerifier [0x009E3881+819457]
GetHandleVerifier [0x00A0F463+998627]
BaseThreadInitThunk [0x77906359+25]
RtlGetAppContainerNamedObjectPath [0x77D48944+228]
RtlGetAppContainerNamedObjectPath [0x77D48914+180]

at sun.reflect.NativeConstructorAccessorImpl.newInstance0(Native Method)
at sun.reflect.NativeConstructorAccessorImpl.newInstance(NativeConstructorAccessorImpl.java:62)
at sun.reflect.DelegatingConstructorAccessorImpl.newInstance(DelegatingConstructorAccessorImpl.java:45)
at java.lang.reflect.Constructor.newInstance(Constructor.java:423)
at org.openqa.selenium.remote.W3CHandshakeResponse.lambda$errorHandler$0(W3CHandshakeResponse.java:62)
at org.openqa.selenium.remote.HandshakeResponse.lambda$getResponseFunction$0(HandshakeResponse.java:30)
at org.openqa.selenium.remote.ProtocolHandshake.lambda$createSession$0(ProtocolHandshake.java:126)
at java.util.stream.ReferencePipeline$3$1.accept(ReferencePipeline.java:193)
at java.util.Spliterators$ArraySpliterator.tryAdvance(Spliterators.java:958)
at java.util.stream.ReferencePipeline.forEachWithCancel(ReferencePipeline.java:126)
at java.util.stream.AbstractPipeline.copyIntoWithCancel(AbstractPipeline.java:498)
at java.util.stream.AbstractPipeline.copyInto(AbstractPipeline.java:485)
at java.util.stream.AbstractPipeline.wrapAndCopyInto(AbstractPipeline.java:471)
at java.util.stream.FindOps$FindOp.evaluateSequential(FindOps.java:152)
at java.util.stream.AbstractPipeline.evaluate(AbstractPipeline.java:234)
at java.util.stream.ReferencePipeline.findFirst(ReferencePipeline.java:464)
at org.openqa.selenium.remote.ProtocolHandshake.createSession(ProtocolHandshake.java:128)
at org.openqa.selenium.remote.ProtocolHandshake.createSession(ProtocolHandshake.java:74)
at org.openqa.selenium.remote.HttpCommandExecutor.execute(HttpCommandExecutor.java:136)
at org.openqa.selenium.remote.service.DriverCommandExecutor.execute(DriverCommandExecutor.java:83)
at org.openqa.selenium.remote.RemoteWebDriver.execute(RemoteWebDriver.java:552)
at org.openqa.selenium.remote.RemoteWebDriver.startSession(RemoteWebDriver.java:213)
at org.openqa.selenium.remote.RemoteWebDriver.<init>(RemoteWebDriver.java:131)
at org.openqa.selenium.chrome.ChromeDriver.<init>(ChromeDriver.java:181)
at org.openqa.selenium.chrome.ChromeDriver.<init>(ChromeDriver.java:168)
at org.openqa.selenium.chrome.ChromeDriver.<init>(ChromeDriver.java:123)
at com.facebook.webdriver.BrowserFactory.setDriver(BrowserFactory.java:32)
at com.facebook.tests.FacebookRegister.FacebookRegisterTest1(FacebookRegister.java:15)
at sun.reflect.NativeMethodAccessorImpl.invoke0(Native Method)
at sun.reflect.NativeMethodAccessorImpl.invoke(NativeMethodAccessorImpl.java:62)
at sun.reflect.DelegatingMethodAccessorImpl.invoke(DelegatingMethodAccessorImpl.java:43)
at java.lang.reflect.Method.invoke(Method.java:498)
at org.testng.internal.MethodInvocationHelper.invokeMethod(MethodInvocationHelper.java:124)
at org.testng.internal.Invoker.invokeMethod(Invoker.java:583)
at org.testng.internal.Invoker.invokeTestMethod(Invoker.java:719)
at org.testng.internal.Invoker.invokeTestMethods(Invoker.java:989)
at org.testng.internal.TestMethodWorker.invokeTestMethods(TestMethodWorker.java:125)
at org.testng.internal.TestMethodWorker.run(TestMethodWorker.java:109)
at org.testng.TestRunner.privateRun(TestRunner.java:648)
at org.testng.TestRunner.run(TestRunner.java:505)
at org.testng.SuiteRunner.runTest(SuiteRunner.java:455)
at org.testng.SuiteRunner.runSequentially(SuiteRunner.java:450)
at org.testng.SuiteRunner.privateRun(SuiteRunner.java:415)
at org.testng.SuiteRunner.run(SuiteRunner.java:364)
at org.testng.SuiteRunnerWorker.runSuite(SuiteRunnerWorker.java:52)
at org.testng.SuiteRunnerWorker.run(SuiteRunnerWorker.java:84)
at org.testng.TestNG.runSuitesSequentially(TestNG.java:1208)
at org.testng.TestNG.runSuitesLocally(TestNG.java:1137)
at org.testng.TestNG.runSuites(TestNG.java:1049)
at org.testng.TestNG.run(TestNG.java:1017)
at org.testng.remote.AbstractRemoteTestNG.run(AbstractRemoteTestNG.java:114)
at org.testng.remote.RemoteTestNG.initAndRun(RemoteTestNG.java:251)
at org.testng.remote.RemoteTestNG.main(RemoteTestNG.java:77)
]]>
    </failure>
  </testcase> <!-- FacebookRegisterTest1 -->
  <testcase name="FacebookRegisterTest2" time="3.141" classname="com.facebook.tests.FacebookRegister">
    <failure type="org.openqa.selenium.SessionNotCreatedException" message="session not created: This version of ChromeDriver only supports Chrome version 88
Current browser version is 87.0.4280.141 with binary path C:\Program Files\Google\Chrome\Application\chrome.exe
Build info: version: &amp;apos;3.141.59&amp;apos;, revision: &amp;apos;e82be7d358&amp;apos;, time: &amp;apos;2018-11-14T08:17:03&amp;apos;
System info: host: &amp;apos;LAPTOP-PLBTIQVB&amp;apos;, ip: &amp;apos;172.20.10.3&amp;apos;, os.name: &amp;apos;Windows 10&amp;apos;, os.arch: &amp;apos;amd64&amp;apos;, os.version: &amp;apos;10.0&amp;apos;, java.version: &amp;apos;1.8.0_201&amp;apos;
Driver info: driver.version: ChromeDriver
remote stacktrace: Backtrace:
	GetHandleVerifier [0x0091B963+483]
	GetHandleVerifier [0x0091B941+449]
	GetHandleVerifier [0x00CC3308+3832712]
	GetHandleVerifier [0x00CDD69A+3940122]
	GetHandleVerifier [0x00CD9AFB+3924859]
	GetHandleVerifier [0x00CD7D9C+3917340]
	GetHandleVerifier [0x00CFE7FE+4075646]
	GetHandleVerifier [0x00CFE56C+4074988]
	GetHandleVerifier [0x00CFB2EB+4062059]
	GetHandleVerifier [0x00CDED14+3945876]
	GetHandleVerifier [0x00CDFBCE+3949646]
	GetHandleVerifier [0x00CDFB59+3949529]
	Ordinal0 [0x008DB5CC+46540]
	Ordinal0 [0x008D9F53+40787]
	Ordinal0 [0x008D9B12+39698]
	GetHandleVerifier [0x00BE1468+2907368]
	GetHandleVerifier [0x00A271EE+1096302]
	GetHandleVerifier [0x009E3E8D+821005]
	GetHandleVerifier [0x009E396B+819691]
	GetHandleVerifier [0x009E3881+819457]
	GetHandleVerifier [0x00A0F463+998627]
	BaseThreadInitThunk [0x77906359+25]
	RtlGetAppContainerNamedObjectPath [0x77D48944+228]
	RtlGetAppContainerNamedObjectPath [0x77D48914+180]
">
      <![CDATA[org.openqa.selenium.SessionNotCreatedException: session not created: This version of ChromeDriver only supports Chrome version 88
Current browser version is 87.0.4280.141 with binary path C:\Program Files\Google\Chrome\Application\chrome.exe
Build info: version: '3.141.59', revision: 'e82be7d358', time: '2018-11-14T08:17:03'
System info: host: 'LAPTOP-PLBTIQVB', ip: '172.20.10.3', os.name: 'Windows 10', os.arch: 'amd64', os.version: '10.0', java.version: '1.8.0_201'
Driver info: driver.version: ChromeDriver
remote stacktrace: Backtrace:
GetHandleVerifier [0x0091B963+483]
GetHandleVerifier [0x0091B941+449]
GetHandleVerifier [0x00CC3308+3832712]
GetHandleVerifier [0x00CDD69A+3940122]
GetHandleVerifier [0x00CD9AFB+3924859]
GetHandleVerifier [0x00CD7D9C+3917340]
GetHandleVerifier [0x00CFE7FE+4075646]
GetHandleVerifier [0x00CFE56C+4074988]
GetHandleVerifier [0x00CFB2EB+4062059]
GetHandleVerifier [0x00CDED14+3945876]
GetHandleVerifier [0x00CDFBCE+3949646]
GetHandleVerifier [0x00CDFB59+3949529]
Ordinal0 [0x008DB5CC+46540]
Ordinal0 [0x008D9F53+40787]
Ordinal0 [0x008D9B12+39698]
GetHandleVerifier [0x00BE1468+2907368]
GetHandleVerifier [0x00A271EE+1096302]
GetHandleVerifier [0x009E3E8D+821005]
GetHandleVerifier [0x009E396B+819691]
GetHandleVerifier [0x009E3881+819457]
GetHandleVerifier [0x00A0F463+998627]
BaseThreadInitThunk [0x77906359+25]
RtlGetAppContainerNamedObjectPath [0x77D48944+228]
RtlGetAppContainerNamedObjectPath [0x77D48914+180]

at sun.reflect.NativeConstructorAccessorImpl.newInstance0(Native Method)
at sun.reflect.NativeConstructorAccessorImpl.newInstance(NativeConstructorAccessorImpl.java:62)
at sun.reflect.DelegatingConstructorAccessorImpl.newInstance(DelegatingConstructorAccessorImpl.java:45)
at java.lang.reflect.Constructor.newInstance(Constructor.java:423)
at org.openqa.selenium.remote.W3CHandshakeResponse.lambda$errorHandler$0(W3CHandshakeResponse.java:62)
at org.openqa.selenium.remote.HandshakeResponse.lambda$getResponseFunction$0(HandshakeResponse.java:30)
at org.openqa.selenium.remote.ProtocolHandshake.lambda$createSession$0(ProtocolHandshake.java:126)
at java.util.stream.ReferencePipeline$3$1.accept(ReferencePipeline.java:193)
at java.util.Spliterators$ArraySpliterator.tryAdvance(Spliterators.java:958)
at java.util.stream.ReferencePipeline.forEachWithCancel(ReferencePipeline.java:126)
at java.util.stream.AbstractPipeline.copyIntoWithCancel(AbstractPipeline.java:498)
at java.util.stream.AbstractPipeline.copyInto(AbstractPipeline.java:485)
at java.util.stream.AbstractPipeline.wrapAndCopyInto(AbstractPipeline.java:471)
at java.util.stream.FindOps$FindOp.evaluateSequential(FindOps.java:152)
at java.util.stream.AbstractPipeline.evaluate(AbstractPipeline.java:234)
at java.util.stream.ReferencePipeline.findFirst(ReferencePipeline.java:464)
at org.openqa.selenium.remote.ProtocolHandshake.createSession(ProtocolHandshake.java:128)
at org.openqa.selenium.remote.ProtocolHandshake.createSession(ProtocolHandshake.java:74)
at org.openqa.selenium.remote.HttpCommandExecutor.execute(HttpCommandExecutor.java:136)
at org.openqa.selenium.remote.service.DriverCommandExecutor.execute(DriverCommandExecutor.java:83)
at org.openqa.selenium.remote.RemoteWebDriver.execute(RemoteWebDriver.java:552)
at org.openqa.selenium.remote.RemoteWebDriver.startSession(RemoteWebDriver.java:213)
at org.openqa.selenium.remote.RemoteWebDriver.<init>(RemoteWebDriver.java:131)
at org.openqa.selenium.chrome.ChromeDriver.<init>(ChromeDriver.java:181)
at org.openqa.selenium.chrome.ChromeDriver.<init>(ChromeDriver.java:168)
at org.openqa.selenium.chrome.ChromeDriver.<init>(ChromeDriver.java:123)
at com.facebook.webdriver.BrowserFactory.setDriver(BrowserFactory.java:32)
at com.facebook.tests.FacebookRegister.FacebookRegisterTest2(FacebookRegister.java:31)
at sun.reflect.NativeMethodAccessorImpl.invoke0(Native Method)
at sun.reflect.NativeMethodAccessorImpl.invoke(NativeMethodAccessorImpl.java:62)
at sun.reflect.DelegatingMethodAccessorImpl.invoke(DelegatingMethodAccessorImpl.java:43)
at java.lang.reflect.Method.invoke(Method.java:498)
at org.testng.internal.MethodInvocationHelper.invokeMethod(MethodInvocationHelper.java:124)
at org.testng.internal.Invoker.invokeMethod(Invoker.java:583)
at org.testng.internal.Invoker.invokeTestMethod(Invoker.java:719)
at org.testng.internal.Invoker.invokeTestMethods(Invoker.java:989)
at org.testng.internal.TestMethodWorker.invokeTestMethods(TestMethodWorker.java:125)
at org.testng.internal.TestMethodWorker.run(TestMethodWorker.java:109)
at org.testng.TestRunner.privateRun(TestRunner.java:648)
at org.testng.TestRunner.run(TestRunner.java:505)
at org.testng.SuiteRunner.runTest(SuiteRunner.java:455)
at org.testng.SuiteRunner.runSequentially(SuiteRunner.java:450)
at org.testng.SuiteRunner.privateRun(SuiteRunner.java:415)
at org.testng.SuiteRunner.run(SuiteRunner.java:364)
at org.testng.SuiteRunnerWorker.runSuite(SuiteRunnerWorker.java:52)
at org.testng.SuiteRunnerWorker.run(SuiteRunnerWorker.java:84)
at org.testng.TestNG.runSuitesSequentially(TestNG.java:1208)
at org.testng.TestNG.runSuitesLocally(TestNG.java:1137)
at org.testng.TestNG.runSuites(TestNG.java:1049)
at org.testng.TestNG.run(TestNG.java:1017)
at org.testng.remote.AbstractRemoteTestNG.run(AbstractRemoteTestNG.java:114)
at org.testng.remote.RemoteTestNG.initAndRun(RemoteTestNG.java:251)
at org.testng.remote.RemoteTestNG.main(RemoteTestNG.java:77)
]]>
    </failure>
  </testcase> <!-- FacebookRegisterTest2 -->
  <testcase name="FacebookRegisterTest3" time="3.321" classname="com.facebook.tests.FacebookRegister">
    <failure type="org.openqa.selenium.SessionNotCreatedException" message="session not created: This version of ChromeDriver only supports Chrome version 88
Current browser version is 87.0.4280.141 with binary path C:\Program Files\Google\Chrome\Application\chrome.exe
Build info: version: &amp;apos;3.141.59&amp;apos;, revision: &amp;apos;e82be7d358&amp;apos;, time: &amp;apos;2018-11-14T08:17:03&amp;apos;
System info: host: &amp;apos;LAPTOP-PLBTIQVB&amp;apos;, ip: &amp;apos;172.20.10.3&amp;apos;, os.name: &amp;apos;Windows 10&amp;apos;, os.arch: &amp;apos;amd64&amp;apos;, os.version: &amp;apos;10.0&amp;apos;, java.version: &amp;apos;1.8.0_201&amp;apos;
Driver info: driver.version: ChromeDriver
remote stacktrace: Backtrace:
	GetHandleVerifier [0x0091B963+483]
	GetHandleVerifier [0x0091B941+449]
	GetHandleVerifier [0x00CC3308+3832712]
	GetHandleVerifier [0x00CDD69A+3940122]
	GetHandleVerifier [0x00CD9AFB+3924859]
	GetHandleVerifier [0x00CD7D9C+3917340]
	GetHandleVerifier [0x00CFE7FE+4075646]
	GetHandleVerifier [0x00CFE56C+4074988]
	GetHandleVerifier [0x00CFB2EB+4062059]
	GetHandleVerifier [0x00CDED14+3945876]
	GetHandleVerifier [0x00CDFBCE+3949646]
	GetHandleVerifier [0x00CDFB59+3949529]
	Ordinal0 [0x008DB5CC+46540]
	Ordinal0 [0x008D9F53+40787]
	Ordinal0 [0x008D9B12+39698]
	GetHandleVerifier [0x00BE1468+2907368]
	GetHandleVerifier [0x00A271EE+1096302]
	GetHandleVerifier [0x009E3E8D+821005]
	GetHandleVerifier [0x009E396B+819691]
	GetHandleVerifier [0x009E3881+819457]
	GetHandleVerifier [0x00A0F463+998627]
	BaseThreadInitThunk [0x77906359+25]
	RtlGetAppContainerNamedObjectPath [0x77D48944+228]
	RtlGetAppContainerNamedObjectPath [0x77D48914+180]
">
      <![CDATA[org.openqa.selenium.SessionNotCreatedException: session not created: This version of ChromeDriver only supports Chrome version 88
Current browser version is 87.0.4280.141 with binary path C:\Program Files\Google\Chrome\Application\chrome.exe
Build info: version: '3.141.59', revision: 'e82be7d358', time: '2018-11-14T08:17:03'
System info: host: 'LAPTOP-PLBTIQVB', ip: '172.20.10.3', os.name: 'Windows 10', os.arch: 'amd64', os.version: '10.0', java.version: '1.8.0_201'
Driver info: driver.version: ChromeDriver
remote stacktrace: Backtrace:
GetHandleVerifier [0x0091B963+483]
GetHandleVerifier [0x0091B941+449]
GetHandleVerifier [0x00CC3308+3832712]
GetHandleVerifier [0x00CDD69A+3940122]
GetHandleVerifier [0x00CD9AFB+3924859]
GetHandleVerifier [0x00CD7D9C+3917340]
GetHandleVerifier [0x00CFE7FE+4075646]
GetHandleVerifier [0x00CFE56C+4074988]
GetHandleVerifier [0x00CFB2EB+4062059]
GetHandleVerifier [0x00CDED14+3945876]
GetHandleVerifier [0x00CDFBCE+3949646]
GetHandleVerifier [0x00CDFB59+3949529]
Ordinal0 [0x008DB5CC+46540]
Ordinal0 [0x008D9F53+40787]
Ordinal0 [0x008D9B12+39698]
GetHandleVerifier [0x00BE1468+2907368]
GetHandleVerifier [0x00A271EE+1096302]
GetHandleVerifier [0x009E3E8D+821005]
GetHandleVerifier [0x009E396B+819691]
GetHandleVerifier [0x009E3881+819457]
GetHandleVerifier [0x00A0F463+998627]
BaseThreadInitThunk [0x77906359+25]
RtlGetAppContainerNamedObjectPath [0x77D48944+228]
RtlGetAppContainerNamedObjectPath [0x77D48914+180]

at sun.reflect.NativeConstructorAccessorImpl.newInstance0(Native Method)
at sun.reflect.NativeConstructorAccessorImpl.newInstance(NativeConstructorAccessorImpl.java:62)
at sun.reflect.DelegatingConstructorAccessorImpl.newInstance(DelegatingConstructorAccessorImpl.java:45)
at java.lang.reflect.Constructor.newInstance(Constructor.java:423)
at org.openqa.selenium.remote.W3CHandshakeResponse.lambda$errorHandler$0(W3CHandshakeResponse.java:62)
at org.openqa.selenium.remote.HandshakeResponse.lambda$getResponseFunction$0(HandshakeResponse.java:30)
at org.openqa.selenium.remote.ProtocolHandshake.lambda$createSession$0(ProtocolHandshake.java:126)
at java.util.stream.ReferencePipeline$3$1.accept(ReferencePipeline.java:193)
at java.util.Spliterators$ArraySpliterator.tryAdvance(Spliterators.java:958)
at java.util.stream.ReferencePipeline.forEachWithCancel(ReferencePipeline.java:126)
at java.util.stream.AbstractPipeline.copyIntoWithCancel(AbstractPipeline.java:498)
at java.util.stream.AbstractPipeline.copyInto(AbstractPipeline.java:485)
at java.util.stream.AbstractPipeline.wrapAndCopyInto(AbstractPipeline.java:471)
at java.util.stream.FindOps$FindOp.evaluateSequential(FindOps.java:152)
at java.util.stream.AbstractPipeline.evaluate(AbstractPipeline.java:234)
at java.util.stream.ReferencePipeline.findFirst(ReferencePipeline.java:464)
at org.openqa.selenium.remote.ProtocolHandshake.createSession(ProtocolHandshake.java:128)
at org.openqa.selenium.remote.ProtocolHandshake.createSession(ProtocolHandshake.java:74)
at org.openqa.selenium.remote.HttpCommandExecutor.execute(HttpCommandExecutor.java:136)
at org.openqa.selenium.remote.service.DriverCommandExecutor.execute(DriverCommandExecutor.java:83)
at org.openqa.selenium.remote.RemoteWebDriver.execute(RemoteWebDriver.java:552)
at org.openqa.selenium.remote.RemoteWebDriver.startSession(RemoteWebDriver.java:213)
at org.openqa.selenium.remote.RemoteWebDriver.<init>(RemoteWebDriver.java:131)
at org.openqa.selenium.chrome.ChromeDriver.<init>(ChromeDriver.java:181)
at org.openqa.selenium.chrome.ChromeDriver.<init>(ChromeDriver.java:168)
at org.openqa.selenium.chrome.ChromeDriver.<init>(ChromeDriver.java:123)
at com.facebook.webdriver.BrowserFactory.setDriver(BrowserFactory.java:32)
at com.facebook.tests.FacebookRegister.FacebookRegisterTest3(FacebookRegister.java:48)
at sun.reflect.NativeMethodAccessorImpl.invoke0(Native Method)
at sun.reflect.NativeMethodAccessorImpl.invoke(NativeMethodAccessorImpl.java:62)
at sun.reflect.DelegatingMethodAccessorImpl.invoke(DelegatingMethodAccessorImpl.java:43)
at java.lang.reflect.Method.invoke(Method.java:498)
at org.testng.internal.MethodInvocationHelper.invokeMethod(MethodInvocationHelper.java:124)
at org.testng.internal.Invoker.invokeMethod(Invoker.java:583)
at org.testng.internal.Invoker.invokeTestMethod(Invoker.java:719)
at org.testng.internal.Invoker.invokeTestMethods(Invoker.java:989)
at org.testng.internal.TestMethodWorker.invokeTestMethods(TestMethodWorker.java:125)
at org.testng.internal.TestMethodWorker.run(TestMethodWorker.java:109)
at org.testng.TestRunner.privateRun(TestRunner.java:648)
at org.testng.TestRunner.run(TestRunner.java:505)
at org.testng.SuiteRunner.runTest(SuiteRunner.java:455)
at org.testng.SuiteRunner.runSequentially(SuiteRunner.java:450)
at org.testng.SuiteRunner.privateRun(SuiteRunner.java:415)
at org.testng.SuiteRunner.run(SuiteRunner.java:364)
at org.testng.SuiteRunnerWorker.runSuite(SuiteRunnerWorker.java:52)
at org.testng.SuiteRunnerWorker.run(SuiteRunnerWorker.java:84)
at org.testng.TestNG.runSuitesSequentially(TestNG.java:1208)
at org.testng.TestNG.runSuitesLocally(TestNG.java:1137)
at org.testng.TestNG.runSuites(TestNG.java:1049)
at org.testng.TestNG.run(TestNG.java:1017)
at org.testng.remote.AbstractRemoteTestNG.run(AbstractRemoteTestNG.java:114)
at org.testng.remote.RemoteTestNG.initAndRun(RemoteTestNG.java:251)
at org.testng.remote.RemoteTestNG.main(RemoteTestNG.java:77)
]]>
    </failure>
  </testcase> <!-- FacebookRegisterTest3 -->
</testsuite> <!-- Default test -->
